<step title="BackgroundTrace" date="2025-07-15T19:09:18.355" instance="15b9d3" url="/deploy" method="POST" >
  <step title="Updating shutdown sentinel last write time" date="2025-07-15T19:09:18.494" SemaphoreCount="7" /><!-- duration: 0ms -->
  <step title="LockFile &apos;C:\home\site\locks\deployments.lock&apos; acquired" date="2025-07-15T19:09:18.510" /><!-- duration: 0ms -->
  <step title="Creating temporary deployment" date="2025-07-15T19:09:18.510" /><!-- duration: 65ms -->
  <step title="Performing fetch based deployment" date="2025-07-15T19:09:18.588" >
    <step title="Fetching changes." date="2025-07-15T19:09:18.822" /><!-- duration: 47ms -->
    <step title="Before sending BuildRequestReceived status to /api/updatedeploystatus" date="2025-07-15T19:09:21.168" /><!-- duration: 0ms -->
    <step title="DeploymentManager.Deploy(id:2c6839ce41c52472c855aa4b354363003635cbbf)" date="2025-07-15T19:09:21.291" >
      <step title="Collecting changeset information" date="2025-07-15T19:09:21.322" /><!-- duration: 111ms -->
      <step title="Updating submodules" date="2025-07-15T19:09:21.452" >
        <step title="Updating submodules." date="2025-07-15T19:09:21.572" /><!-- duration: 0ms -->
      </step><!-- duration: 136ms -->
      <step title="Preparing deployment for commit id &apos;2c6839ce41&apos;." date="2025-07-15T19:09:21.682" /><!-- duration: 20ms -->
      <step title="Determining deployment builder" date="2025-07-15T19:09:21.825" >
        <step title="Builder is CustomBuilder" date="2025-07-15T19:09:21.838" /><!-- duration: 16ms -->
      </step><!-- duration: 29ms -->
      <step title="Copying SSH keys" date="2025-07-15T19:09:21.885" /><!-- duration: 31ms -->
      <step title="Building" date="2025-07-15T19:09:21.932" >
        <step title="Running custom deployment command..." date="2025-07-15T19:09:22.025" /><!-- duration: 0ms -->
        <step title="Running deployment command..." date="2025-07-15T19:09:22.150" /><!-- duration: 0ms -->
        <step title="Command: deploy.cmd" date="2025-07-15T19:09:22.167" /><!-- duration: 19ms -->
        <step title="Executing external process" date="2025-07-15T19:09:22.403" type="process" path="starter.cmd" arguments="deploy.cmd" >
          <step title="Handling ASP.NET Core Web Application deployment." date="2025-07-15T19:09:23.776" /><!-- duration: 0ms -->
          <step title="  Determining projects to restore..." date="2025-07-15T19:09:33.466" /><!-- duration: 16ms -->
          <step title="  All projects are up-to-date for restore." date="2025-07-15T19:09:36.419" /><!-- duration: 18ms -->
          <step title="C:\home\site\repository\Backend\Controllers\DocumentChatController.cs(23,26): error CS0246: The type or namespace name &apos;IChatService&apos; could not be found (are you missing a using directive or an assembly reference?) [C:\home\site\repository\Backend\Backend.csproj]" date="2025-07-15T19:10:35.381" /><!-- duration: 0ms -->
          <step title="C:\home\site\repository\Backend\Controllers\DocumentChatController.cs(24,26): error CS0246: The type or namespace name &apos;IDocumentProcessingService&apos; could not be found (are you missing a using directive or an assembly reference?) [C:\home\site\repository\Backend\Backend.csproj]" date="2025-07-15T19:10:35.410" /><!-- duration: 0ms -->
          <step title="C:\home\site\repository\Backend\Controllers\DocumentChatController.cs(28,26): error CS0246: The type or namespace name &apos;IFileValidationService&apos; could not be found (are you missing a using directive or an assembly reference?) [C:\home\site\repository\Backend\Backend.csproj]" date="2025-07-15T19:10:35.428" /><!-- duration: 13ms -->
          <step title="C:\home\site\repository\Backend\Controllers\DocumentChatController.cs(29,26): error CS0246: The type or namespace name &apos;IRequestDiagnosticsService&apos; could not be found (are you missing a using directive or an assembly reference?) [C:\home\site\repository\Backend\Backend.csproj]" date="2025-07-15T19:10:35.457" /><!-- duration: 18ms -->
          <step title="C:\home\site\repository\Backend\Controllers\DocumentChatController.cs(31,26): error CS0246: The type or namespace name &apos;IChatAnalysisService&apos; could not be found (are you missing a using directive or an assembly reference?) [C:\home\site\repository\Backend\Backend.csproj]" date="2025-07-15T19:10:35.504" /><!-- duration: 0ms -->
          <step title="C:\home\site\repository\Backend\Controllers\DocumentChatController.cs(37,13): error CS0246: The type or namespace name &apos;IChatService&apos; could not be found (are you missing a using directive or an assembly reference?) [C:\home\site\repository\Backend\Backend.csproj]" date="2025-07-15T19:10:35.523" /><!-- duration: 12ms -->
          <step title="C:\home\site\repository\Backend\Controllers\DocumentChatController.cs(38,13): error CS0246: The type or namespace name &apos;IDocumentProcessingService&apos; could not be found (are you missing a using directive or an assembly reference?) [C:\home\site\repository\Backend\Backend.csproj]" date="2025-07-15T19:10:35.552" /><!-- duration: 19ms -->
          <step title="C:\home\site\repository\Backend\Controllers\DocumentChatController.cs(42,13): error CS0246: The type or namespace name &apos;IFileValidationService&apos; could not be found (are you missing a using directive or an assembly reference?) [C:\home\site\repository\Backend\Backend.csproj]" date="2025-07-15T19:10:35.599" /><!-- duration: 0ms -->
          <step title="C:\home\site\repository\Backend\Controllers\DocumentChatController.cs(43,13): error CS0246: The type or namespace name &apos;IRequestDiagnosticsService&apos; could not be found (are you missing a using directive or an assembly reference?) [C:\home\site\repository\Backend\Backend.csproj]" date="2025-07-15T19:10:35.618" /><!-- duration: 11ms -->
          <step title="C:\home\site\repository\Backend\Controllers\DocumentChatController.cs(45,13): error CS0246: The type or namespace name &apos;IChatAnalysisService&apos; could not be found (are you missing a using directive or an assembly reference?) [C:\home\site\repository\Backend\Backend.csproj]" date="2025-07-15T19:10:35.647" /><!-- duration: 13ms -->
          <step title="Failed exitCode=1, command=dotnet publish &quot;C:\home\site\repository\Backend\Backend.csproj&quot; --configuration Release --output &quot;C:\local\Temp\8ddc3d31b38bcbf&quot; --no-restore" date="2025-07-15T19:10:36.551" /><!-- duration: 16ms -->
          <step title="An error has occurred during web site deployment." date="2025-07-15T19:10:36.598" /><!-- duration: 16ms -->
          <step title="Process dump" date="2025-07-15T19:10:36.754" exitCode="255" type="processOutput" /><!-- duration: 0ms -->
        </step><!-- duration: 74371ms -->
        <step title="
C:\Program Files (x86)\SiteExtensions\Kudu\103.250502.001\bin\Scripts\starter.cmd deploy.cmd DEPLOYMENTINFO: deployer = GitHub, os = windows, sku = Standard, siteName = site-net, siteHostName = site-net-rrai-blue-fsgabaardkdhhnhf.centralus-01.azurewebsites.net, deploymentStatus = Error" date="2025-07-15T19:10:36.802" /><!-- duration: 19ms -->
        <step title="Error occurred" date="2025-07-15T19:10:36.849" type="error" text="
C:\Program Files (x86)\SiteExtensions\Kudu\103.250502.001\bin\Scripts\starter.cmd deploy.cmd" stackTrace="   at Kudu.Core.Infrastructure.Executable.ExecuteInternal(ITracer tracer, Func`2 onWriteOutput, Func`2 onWriteError, Encoding encoding, String arguments, Object[] args)
   at Kudu.Core.Infrastructure.Executable.ExecuteWithProgressWriter(ILogger logger, ITracer tracer, String arguments, Object[] args)
   at Kudu.Core.Deployment.Generator.ExternalCommandBuilder.RunCommand(DeploymentContext context, String command, Boolean ignoreManifest, String message)" /><!-- duration: 0ms -->
      </step><!-- duration: 75213ms -->
      <step title="Error occurred" date="2025-07-15T19:10:37.161" type="error" text="
C:\Program Files (x86)\SiteExtensions\Kudu\103.250502.001\bin\Scripts\starter.cmd deploy.cmd" stackTrace="   at Kudu.Core.Infrastructure.Executable.ExecuteInternal(ITracer tracer, Func`2 onWriteOutput, Func`2 onWriteError, Encoding encoding, String arguments, Object[] args)
   at Kudu.Core.Infrastructure.Executable.ExecuteWithProgressWriter(ILogger logger, ITracer tracer, String arguments, Object[] args)
   at Kudu.Core.Deployment.Generator.ExternalCommandBuilder.RunCommand(DeploymentContext context, String command, Boolean ignoreManifest, String message)
   at Kudu.Core.Deployment.Generator.CustomBuilder.Build(DeploymentContext context)
--- End of stack trace from previous location where exception was thrown ---
   at System.Runtime.CompilerServices.TaskAwaiter.ThrowForNonSuccess(Task task)
   at System.Runtime.CompilerServices.TaskAwaiter.HandleNonSuccessAndDebuggerNotification(Task task)
   at System.Runtime.CompilerServices.TaskAwaiter.ValidateEnd(Task task)
   at Kudu.Core.Deployment.DeploymentManager.&lt;Build&gt;d__38.MoveNext()" /><!-- duration: 18ms -->
      <step title="Deployment Failed. DEPLOYMENTINFO: deployer = GitHub, os = windows, sku = Standard, siteName = site-net, siteHostName = site-net-rrai-blue-fsgabaardkdhhnhf.centralus-01.azurewebsites.net, deploymentStatus = Failed" date="2025-07-15T19:10:37.207" /><!-- duration: 0ms -->
    </step><!-- duration: 75934ms -->
    <step title="Cleaning up temp files" date="2025-07-15T19:10:37.238" /><!-- duration: 17ms -->
  </step><!-- duration: 78744ms -->
  <step title="LockFile &apos;C:\home\site\locks\deployments.lock&apos; released" date="2025-07-15T19:10:37.379" /><!-- duration: 0ms -->
  <step title="Deleting shutdown sentinel file" date="2025-07-15T19:10:37.414" SemaphoreCount="8" /><!-- duration: 12ms -->
</step><!-- duration: 79071ms -->
